<?xml version="1.0" encoding="UTF-8"?>
<robot generator="Robot 3.2.1 (Python 3.8.3 on win32)" generated="20200728 13:07:47.614" rpa="false">
<suite id="s1" name="Receber-Pedidos" source="C:\roboweek\ninjachef\web\tests\receber-pedidos.robot">
<test id="s1-t1" name="Receber novo pedido">
<kw name="Open Session" library="base" type="setup">
<kw name="Open Browser" library="SeleniumLibrary">
<doc>Opens a new browser instance to the optional ``url``.</doc>
<arguments>
<arg>about:blank</arg>
<arg>chrome</arg>
</arguments>
<msg timestamp="20200728 13:07:47.905" level="INFO">Opening browser 'chrome' to base url 'about:blank'.</msg>
<status status="PASS" starttime="20200728 13:07:47.905" endtime="20200728 13:07:51.257"></status>
</kw>
<status status="PASS" starttime="20200728 13:07:47.905" endtime="20200728 13:07:51.257"></status>
</kw>
<kw name="Dado que &quot;amanda_amy12@hotmail.com&quot; é a minha conta de cozinheiro" library="kws">
<kw name="Set Test Variable" library="BuiltIn">
<doc>Makes a variable available everywhere within the scope of the current test.</doc>
<arguments>
<arg>${email_cozinheiro}</arg>
</arguments>
<msg timestamp="20200728 13:07:51.259" level="INFO">${email_cozinheiro} = amanda_amy12@hotmail.com</msg>
<status status="PASS" starttime="20200728 13:07:51.259" endtime="20200728 13:07:51.259"></status>
</kw>
<kw name="Get Api Login" library="helpers">
<arguments>
<arg>${email_cozinheiro}</arg>
</arguments>
<assign>
<var>${token_cozinheiro}</var>
</assign>
<kw name="Create Dictionary" library="BuiltIn">
<doc>Creates and returns a dictionary based on the given ``items``.</doc>
<arguments>
<arg>Content-Type=application/json</arg>
</arguments>
<assign>
<var>&amp;{headers}</var>
</assign>
<msg timestamp="20200728 13:07:51.260" level="INFO">&amp;{headers} = { Content-Type=application/json }</msg>
<status status="PASS" starttime="20200728 13:07:51.259" endtime="20200728 13:07:51.260"></status>
</kw>
<kw name="Create Dictionary" library="BuiltIn">
<doc>Creates and returns a dictionary based on the given ``items``.</doc>
<arguments>
<arg>email=${email_param}</arg>
</arguments>
<assign>
<var>&amp;{payload}</var>
</assign>
<msg timestamp="20200728 13:07:51.260" level="INFO">&amp;{payload} = { email=amanda_amy12@hotmail.com }</msg>
<status status="PASS" starttime="20200728 13:07:51.260" endtime="20200728 13:07:51.260"></status>
</kw>
<kw name="Create Session" library="RequestsLibrary">
<doc>Create Session: create a HTTP session to a server</doc>
<arguments>
<arg>api</arg>
<arg>${api_url}</arg>
</arguments>
<msg timestamp="20200728 13:07:51.261" level="INFO">Creating Session using : alias=api, url=http://ninjachef-api-qaninja-io.umbler.net, headers={},                     cookies={}, auth=None, timeout=None, proxies=None, verify=False,                     debug=0 </msg>
<status status="PASS" starttime="20200728 13:07:51.260" endtime="20200728 13:07:51.261"></status>
</kw>
<kw name="Post Request" library="RequestsLibrary">
<doc>Send a POST request on the session object found using the
given `alias`</doc>
<arguments>
<arg>api</arg>
<arg>/sessions</arg>
<arg>data=${payload}</arg>
<arg>headers=${headers}</arg>
</arguments>
<assign>
<var>${resp}</var>
</assign>
<msg timestamp="20200728 13:07:51.443" level="INFO">POST Request : url=http://ninjachef-api-qaninja-io.umbler.net/sessions 
 path_url=/sessions 
 headers={'User-Agent': 'python-requests/2.24.0', 'Accept-Encoding': 'gzip, deflate', 'Accept': '*/*', 'Connection': 'keep-alive', 'Content-Type': 'application/json', 'Content-Length': '37'} 
 body={"email": "amanda_amy12@hotmail.com"} 
 </msg>
<msg timestamp="20200728 13:07:51.444" level="INFO">POST Response : url=http://ninjachef-api-qaninja-io.umbler.net/sessions 
 status=200, reason=OK 
 body={"_id":"5f19bfe142f1f60016038a90","email":"amanda_amy12@hotmail.com","__v":0} 
 </msg>
<msg timestamp="20200728 13:07:51.444" level="INFO">${resp} = &lt;Response [200]&gt;</msg>
<status status="PASS" starttime="20200728 13:07:51.261" endtime="20200728 13:07:51.444"></status>
</kw>
<kw name="Status Should Be" library="RequestsLibrary">
<doc>Fails if response status code is different than the expected.</doc>
<arguments>
<arg>200</arg>
<arg>${resp}</arg>
</arguments>
<status status="PASS" starttime="20200728 13:07:51.444" endtime="20200728 13:07:51.444"></status>
</kw>
<kw name="Convert To String" library="BuiltIn">
<doc>Converts the given item to a Unicode string.</doc>
<arguments>
<arg>${resp.json()['_id']}</arg>
</arguments>
<assign>
<var>${token}</var>
</assign>
<msg timestamp="20200728 13:07:51.445" level="INFO">${token} = 5f19bfe142f1f60016038a90</msg>
<status status="PASS" starttime="20200728 13:07:51.444" endtime="20200728 13:07:51.445"></status>
</kw>
<msg timestamp="20200728 13:07:51.445" level="INFO">${token_cozinheiro} = 5f19bfe142f1f60016038a90</msg>
<status status="PASS" starttime="20200728 13:07:51.259" endtime="20200728 13:07:51.445"></status>
</kw>
<kw name="Set Test Variable" library="BuiltIn">
<doc>Makes a variable available everywhere within the scope of the current test.</doc>
<arguments>
<arg>${token_cozinheiro}</arg>
</arguments>
<msg timestamp="20200728 13:07:51.445" level="INFO">${token_cozinheiro} = 5f19bfe142f1f60016038a90</msg>
<status status="PASS" starttime="20200728 13:07:51.445" endtime="20200728 13:07:51.445"></status>
</kw>
<status status="PASS" starttime="20200728 13:07:51.258" endtime="20200728 13:07:51.445"></status>
</kw>
<kw name="E &quot;ana@gmail.com&quot; é o meu cliente" library="kws">
<kw name="Set Test Variable" library="BuiltIn">
<doc>Makes a variable available everywhere within the scope of the current test.</doc>
<arguments>
<arg>${email_cliente}</arg>
</arguments>
<msg timestamp="20200728 13:07:51.447" level="INFO">${email_cliente} = ana@gmail.com</msg>
<status status="PASS" starttime="20200728 13:07:51.447" endtime="20200728 13:07:51.447"></status>
</kw>
<kw name="Get Api Login" library="helpers">
<arguments>
<arg>${email_cozinheiro}</arg>
</arguments>
<assign>
<var>${token_cliente}</var>
</assign>
<kw name="Create Dictionary" library="BuiltIn">
<doc>Creates and returns a dictionary based on the given ``items``.</doc>
<arguments>
<arg>Content-Type=application/json</arg>
</arguments>
<assign>
<var>&amp;{headers}</var>
</assign>
<msg timestamp="20200728 13:07:51.448" level="INFO">&amp;{headers} = { Content-Type=application/json }</msg>
<status status="PASS" starttime="20200728 13:07:51.447" endtime="20200728 13:07:51.448"></status>
</kw>
<kw name="Create Dictionary" library="BuiltIn">
<doc>Creates and returns a dictionary based on the given ``items``.</doc>
<arguments>
<arg>email=${email_param}</arg>
</arguments>
<assign>
<var>&amp;{payload}</var>
</assign>
<msg timestamp="20200728 13:07:51.448" level="INFO">&amp;{payload} = { email=amanda_amy12@hotmail.com }</msg>
<status status="PASS" starttime="20200728 13:07:51.448" endtime="20200728 13:07:51.448"></status>
</kw>
<kw name="Create Session" library="RequestsLibrary">
<doc>Create Session: create a HTTP session to a server</doc>
<arguments>
<arg>api</arg>
<arg>${api_url}</arg>
</arguments>
<msg timestamp="20200728 13:07:51.449" level="INFO">Creating Session using : alias=api, url=http://ninjachef-api-qaninja-io.umbler.net, headers={},                     cookies={}, auth=None, timeout=None, proxies=None, verify=False,                     debug=0 </msg>
<status status="PASS" starttime="20200728 13:07:51.448" endtime="20200728 13:07:51.449"></status>
</kw>
<kw name="Post Request" library="RequestsLibrary">
<doc>Send a POST request on the session object found using the
given `alias`</doc>
<arguments>
<arg>api</arg>
<arg>/sessions</arg>
<arg>data=${payload}</arg>
<arg>headers=${headers}</arg>
</arguments>
<assign>
<var>${resp}</var>
</assign>
<msg timestamp="20200728 13:07:51.627" level="INFO">POST Request : url=http://ninjachef-api-qaninja-io.umbler.net/sessions 
 path_url=/sessions 
 headers={'User-Agent': 'python-requests/2.24.0', 'Accept-Encoding': 'gzip, deflate', 'Accept': '*/*', 'Connection': 'keep-alive', 'Content-Type': 'application/json', 'Content-Length': '37'} 
 body={"email": "amanda_amy12@hotmail.com"} 
 </msg>
<msg timestamp="20200728 13:07:51.628" level="INFO">POST Response : url=http://ninjachef-api-qaninja-io.umbler.net/sessions 
 status=200, reason=OK 
 body={"_id":"5f19bfe142f1f60016038a90","email":"amanda_amy12@hotmail.com","__v":0} 
 </msg>
<msg timestamp="20200728 13:07:51.628" level="INFO">${resp} = &lt;Response [200]&gt;</msg>
<status status="PASS" starttime="20200728 13:07:51.449" endtime="20200728 13:07:51.628"></status>
</kw>
<kw name="Status Should Be" library="RequestsLibrary">
<doc>Fails if response status code is different than the expected.</doc>
<arguments>
<arg>200</arg>
<arg>${resp}</arg>
</arguments>
<status status="PASS" starttime="20200728 13:07:51.628" endtime="20200728 13:07:51.628"></status>
</kw>
<kw name="Convert To String" library="BuiltIn">
<doc>Converts the given item to a Unicode string.</doc>
<arguments>
<arg>${resp.json()['_id']}</arg>
</arguments>
<assign>
<var>${token}</var>
</assign>
<msg timestamp="20200728 13:07:51.629" level="INFO">${token} = 5f19bfe142f1f60016038a90</msg>
<status status="PASS" starttime="20200728 13:07:51.628" endtime="20200728 13:07:51.629"></status>
</kw>
<msg timestamp="20200728 13:07:51.629" level="INFO">${token_cliente} = 5f19bfe142f1f60016038a90</msg>
<status status="PASS" starttime="20200728 13:07:51.447" endtime="20200728 13:07:51.629"></status>
</kw>
<kw name="Set Test Variable" library="BuiltIn">
<doc>Makes a variable available everywhere within the scope of the current test.</doc>
<arguments>
<arg>${token_cliente}</arg>
</arguments>
<msg timestamp="20200728 13:07:51.630" level="INFO">${token_cliente} = 5f19bfe142f1f60016038a90</msg>
<status status="PASS" starttime="20200728 13:07:51.629" endtime="20200728 13:07:51.630"></status>
</kw>
<status status="PASS" starttime="20200728 13:07:51.446" endtime="20200728 13:07:51.630"></status>
</kw>
<kw name="E que &quot;Nhoque molho páprica&quot; está cadastrado no meu dashboard" library="kws">
<kw name="Set Test Variable" library="BuiltIn">
<doc>Makes a variable available everywhere within the scope of the current test.</doc>
<arguments>
<arg>${produto}</arg>
</arguments>
<msg timestamp="20200728 13:07:51.631" level="INFO">${produto} = Nhoque molho páprica</msg>
<status status="PASS" starttime="20200728 13:07:51.631" endtime="20200728 13:07:51.631"></status>
</kw>
<kw name="Create Dictionary" library="BuiltIn">
<doc>Creates and returns a dictionary based on the given ``items``.</doc>
<arguments>
<arg>name=${produto}</arg>
<arg>plate=Tipo</arg>
<arg>price=20.00</arg>
</arguments>
<assign>
<var>&amp;{payload}</var>
</assign>
<msg timestamp="20200728 13:07:51.632" level="INFO">&amp;{payload} = { name=Nhoque molho páprica | plate=Tipo | price=20.00 }</msg>
<status status="PASS" starttime="20200728 13:07:51.631" endtime="20200728 13:07:51.632"></status>
</kw>
<kw name="Get Binary File" library="OperatingSystem">
<doc>Returns the contents of a specified file.</doc>
<arguments>
<arg>${EXECDIR}/resources/images/nhoque.jpg</arg>
</arguments>
<assign>
<var>${image_file}</var>
</assign>
<msg timestamp="20200728 13:07:51.632" level="INFO" html="yes">Getting file '&lt;a href="file://C:\roboweek\ninjachef\web\resources\images\nhoque.jpg"&gt;C:\roboweek\ninjachef\web\resources\images\nhoque.jpg&lt;/a&gt;'.</msg>
<msg timestamp="20200728 13:07:51.650" level="INFO">${image_file} = \xff\xd8\xff\xe0JFIF\xff\xdbC			





	


\xff\xdbC


















































\xff\xc0,g"...</msg>
<status status="PASS" starttime="20200728 13:07:51.632" endtime="20200728 13:07:51.650"></status>
</kw>
<kw name="Create Dictionary" library="BuiltIn">
<doc>Creates and returns a dictionary based on the given ``items``.</doc>
<arguments>
<arg>thumbnail=${image_file}</arg>
</arguments>
<assign>
<var>&amp;{files}</var>
</assign>
<msg timestamp="20200728 13:07:51.668" level="INFO">&amp;{files} = { thumbnail=\xff\xd8\xff\xe0JFIF\xff\xdbC			





	


\xff\xdbC


















































\xff\x...</msg>
<status status="PASS" starttime="20200728 13:07:51.650" endtime="20200728 13:07:51.668"></status>
</kw>
<kw name="Create Dictionary" library="BuiltIn">
<doc>Creates and returns a dictionary based on the given ``items``.</doc>
<arguments>
<arg>user_id=${token_cozinheiro}</arg>
</arguments>
<assign>
<var>&amp;{headers}</var>
</assign>
<msg timestamp="20200728 13:07:51.668" level="INFO">&amp;{headers} = { user_id=5f19bfe142f1f60016038a90 }</msg>
<status status="PASS" starttime="20200728 13:07:51.668" endtime="20200728 13:07:51.668"></status>
</kw>
<kw name="Create Session" library="RequestsLibrary">
<doc>Create Session: create a HTTP session to a server</doc>
<arguments>
<arg>api</arg>
<arg>${api_url}</arg>
</arguments>
<msg timestamp="20200728 13:07:51.669" level="INFO">Creating Session using : alias=api, url=http://ninjachef-api-qaninja-io.umbler.net, headers={},                     cookies={}, auth=None, timeout=None, proxies=None, verify=False,                     debug=0 </msg>
<status status="PASS" starttime="20200728 13:07:51.669" endtime="20200728 13:07:51.669"></status>
</kw>
<kw name="Post Request" library="RequestsLibrary">
<doc>Send a POST request on the session object found using the
given `alias`</doc>
<arguments>
<arg>api</arg>
<arg>/products</arg>
<arg>files=${files}</arg>
<arg>data=${payload}</arg>
<arg>headers=${headers}</arg>
</arguments>
<assign>
<var>${resp}</var>
</assign>
<msg timestamp="20200728 13:07:52.751" level="INFO">POST Request : url=http://ninjachef-api-qaninja-io.umbler.net/products 
 path_url=/products 
 headers={'User-Agent': 'python-requests/2.24.0', 'Accept-Encoding': 'gzip, deflate', 'Accept': '*/*', 'Connection': 'keep-alive', 'user_id': '5f19bfe142f1f60016038a90', 'Content-Length': '63149', 'Content-Type': 'multipart/form-data; boundary=9247fc7e81660fd6e4a43b5d79caed17'} 
 body=b'--9247fc7e81660fd6e4a43b5d79caed17\r\nContent-Disposition: form-data; name="name"\r\n\r\nNhoque molho p\xc3\xa1prica\r\n--9247fc7e81660fd6e4a43b5d79caed17\r\nContent-Disposition: form-data; name="plate"\r\n\r\nTipo\r\n--9247fc7e81660fd6e4a43b5d79caed17\r\nContent-Disposition: form-data; name="price"\r\n\r\n20.00\r\n--9247fc7e81660fd6e4a43b5d79caed17\r\nContent-Disposition: form-data; name="thumbnail"; filename="thumbnail"\r\n\r\n\xff\xd8\xff\xe0\x00\x10JFIF\x00\x01\x02\x00\x00\x01\x00\x01\x00\x00\xff\xdb\x00C\x00\x02\x01\x01\x01\x01\x01\x02\x01\x01\x01\x02\x02\x02\x02\x02\x04\x03\x02\x02\x02\x02\x05\x04\x04\x03\x04\x06\x05\x06\x06\x06\x05\x06\x06\x06\x07\t\x08\x06\x07\t\x07\x06\x06\x08\x0b\x08\t\n\n\n\n\n\x06\x08\x0b\x0c\x0b\n\x0c\t\n\n\n\xff\xdb\x00C\x01\x02\x02\x02\x02\x02\x02\x05\x03\x03\x05\n\x07\x06\x07\n\n\n\n\n\n\n\n\n\n\n\n\n\n\n\n\n\n\n\n\n\n\n\n\n\n\n\n\n\n\n\n\n\n\n\n\n\n\n\n\n\n\n\n\n\n\n\n\n\n\xff\xc0\x00\x11\x08\x01,\x02g\x03\x01"\x00\x02\x11\x01\x03\x11\x01\xff\xc4\x00\x1f\x00\x00\x01\x05\x01\x01\x01\x01\x01\x01\x00\x00\x00\x00\x00\x00\x00\x00\x01\x02\x03\x04\x05\x06\x07\x08\t\n\x0b\xff\xc4\x00\xb5\x10\x00\x02\x01\x03\x03\x02\x04\x03\x05\x05\x04\x04\x00\x00\x01}\x01\x02\x03\x00\x04\x11\x05\x12!1A\x06\x13Qa\x07"q\x142\x81\x91\xa1\x08#B\xb1\xc1\x15R\xd1\xf0$3br\x82\t\n\x16\x17\x18\x19\x1a%&amp;\'()*456789:CDEFGHIJSTUVWXYZcdefghijstuvwxyz\x83\x84\x85\x86\x87\x88\x89\x8a\x92\x93\x94\x95\x96\x97\x98\x99\x9a\xa2\xa3\xa4\xa5\xa6\xa7\xa8\xa9\xaa\xb2\xb3\xb4\xb5\xb6\xb7\xb8\xb9\xba\xc2\xc3\xc4\xc5\xc6\xc7\xc8\xc9\xca\xd2\xd3\xd4\xd5\xd6\xd7\xd8\xd9\xda\xe1\xe2\xe3\xe4\xe5\xe6\xe7\xe8\xe9\xea\xf1\xf2\xf3\xf4\xf5\xf6\xf7\xf8\xf9\xfa\xff\xc4\x00\x1f\x01\x00\x03\x01\x01\x01\x01\x01\x01\x01\x01\x01\x00\x00\x00\x00\x00\x00\x01\x02\x03\x04\x05\x06\x07\x08\t\n\x0b\xff\xc4\x00\xb5\x11\x00\x02\x01\x02\x04\x04\x03\x04\x07\x05\x04\x04\x00\x01\x02w\x00\x01\x02\x03\x11\x04\x05!1\x06\x12AQ\x07aq\x13"2\x81\x08\x14B\x91\xa1\xb1\xc1\t#3R\xf0\x15br\xd1\n\x16$4\xe1%\xf1\x17\x18\x19\x1a&amp;\'()*56789:CDEFGHIJSTUVWXYZcdefghijstuvwxyz\x82\x83\x84\x85\x86\x87\x88\x89\x8a\x92\x93\x94\x95\x96\x97\x98\x99\x9a\xa2\xa3\xa4\xa5\xa6\xa7\xa8\xa9\xaa\xb2\xb3\xb4\xb5\xb6\xb7\xb8\xb9\xba\xc2\xc3\xc4\xc5\xc6\xc7\xc8\xc9\xca\xd2\xd3\xd4\xd5\xd6\xd7\xd8\xd9\xda\xe2\xe3\xe4\xe5\xe6\xe7\xe8\xe9\xea\xf2\xf3\xf4\xf5\xf6\xf7\xf8\xf9\xfa\xff\xda\x00\x0c\x03\x01\x00\x02\x11\x03\x11\x00?\x00\xfc\x18\xd3\x7f\xe4\x1f\x1a\xfd\x7f\x99\xa9N \xc4\xcc\xc7\x8e\x01\xf6\xf4\xaaV3*A\x1e\xe2[\x07\x85\xc7J\xb9\x1c\xbb\x97s.\x0ezW\x15D\xf9\x9b;\xa3x\xd2I\t&lt;\xc1\xed\x99\x88\x00\x9e}MR\x0e\t\xcej{\x98W&amp;e\'&gt;\x95\x0e\xe2F\xe2*\xe0\x95\xb4\x174\xbb\x8b\xe6\x1fj7\x9fAKo&amp;\xd8\x1bn2\x0f9\xa6y\x80\xf2sN\xc8\x88\xcb\x98\x99"Yc\xde\xc4\x8d\xa4\x91\x8f\xa51\x90K\x19`6c\xb0\xebLY\x00|\x9c\xe3\x14I9w\x0cx\xec(\xd4\x97\x1dor\xc2[\x8d\x83\x120\xe3\xdb\xfc*(\xa40\x82\x10u&lt;\xfet\xc5\x93\xcb;[=\x07O\xad=\x88\x95\xb7\x023\xdcS\xb3[\x99\xdd\xdf\xde,\xb2\xa8F^\x83\x9a\x8bj9\xdc\x1c\x1cz\n\x81\xa5to-Fs\xd74\x8e\xfb\x07\xcd\xe9\xda\xa5A\x94\xa2\xafx\xb2\xca\xca\xf2)\xf9\x07\xb0\xa8\x93}\xbeG\x96\x06y\xe7\x9a\x8d\'.\xb8#\x81\xd0\xd2\xef]\xa4w\xedM+\x19\xb9F/Be\x90\x03\xb9\x80\xf7\xc0\xa6\xdd\xc8\xb2\xa6\x10c\xe5&lt;\x8f\xf3\xefQ2\x89\x14)=\xa9!\x95\x8a`\xe3\x83\x8eM5\x16\xb5&amp;/K\x96\'\xb8t*\xaa\x17\xe6\x1c\xe4S&lt;\xb8\xff\x00\x8aV\xc9\xec\x0f\xff\x00Z\xa2\xfb`=\x16\x8f=[\x96\x18\xa1E\xa4R\x9c\xba\x16\x1ab\xa0\x17n\xd8\xc9\xa8\x8a\'?\xbco\xa53\xed\x01yQ\x9ad\xb3&lt;\xb9\x04\x00\x07J\x14X\x93i\xe8K\xf6\x99\x7f\xd5\x900\xa3\x8a\x00S\xf3\x15\xebP\x96R\xa0\x0e\xa3\xad\'\x9aO\xc8zUr\x89\xdd\xbb\xb2qt\xec\xde^\xd5\x00\x0e\xa2\x88\xd8\xb7,\xc7\xafj\xab!\x19\x074\xe6\x91\xca\xec\xc8\xfc(\xe5Ak\xb2s:#\x92I\xe0\xe0f\x85\xb8v`\xbb\xba\xfa\x13UA\x04\xe3?\x9dJ\xa4\x93\xf2\xf2i\xf2\xa1\xc9\x92\xa4\xea\xceU\x8f\xcc\x0e)\xfb\xcf\xa0\xaa\xad\x1c\xac\xf9X\xcf\xe5O\x8e;\x92pc\xfd*\\S!\xeaH\xd3\xa0c\x96\xe6\x90J\xbb\x0e\xd6\xce=iE\xad\xd1#\x10\x9c\x9fj\x91t\xadBV\xdb\xf6f\xeb\x8e\x94{\x8bv\x1a\xbd\xca\xa99\xdf\x97 \x0c\xe4\x91\xf4\xc5J%\r\xca\xb6G\xadX_\x0fk\x13|\xb1\xda\xbbs\x806U\xcbO\x87\xfe*\x9c\x03\x1e\x977?\xddL\x8a\x99\xd5\xa1\x1d\xe4\x97\xcc\xd1\xa7%\xa1\x90\xd7\x0e\x06@\x14\xc2\xc6S\xbd\xb8&gt;\xd5\xd6Z|\x19\xf1\xe5\xf6E\xbf\x87\xef\x1b\xd7\xf7\x07\xfc+F\xc7\xf6m\xf8\xa1{"\xb4\x1e\x14\xbe`\x7f\xe9\x81\xff\x00\n\xc5\xe3\xb01\xde\xa2\x1f\xb3\x9fc\x83\xf9wov4\xe3*\x17\xf39\xe3\xda\xbd^\xcb\xf6E\xf8\xc9\xa9:\xc7\x0f\x83nNFy\x88\xff\x00\x85t:W\xfc\x13\xff\x00\xe3\xa6\xa6s\x1f\x83.WwO\xdd\x9f\xf0\xac%\x9be\xf1Z\xcd\x1aS\xa7S\x9bc\xc2\x19\xe1\x91\xbc\xe2\xc7*:S\xd6v*\x0e\x07#\xd2\xbe\xa1\xd0\x7f\xe0\x97\x7f\xb4\x0e\xa4\x15O\x84\xaf\x06\xe3\xc7\xee\x08\xcf\xe8+\xb4\xf0\xff\x00\xfc\x11\xdf\xf6\x80\xd5\x829\xf0\xb5\xd8\xc9\xeaa\xe9\xf9\xd7&lt;\xb3\xac\x05\xb4w)\xe1kK\xc8\xf8\xa8\xc8OaDm&gt;\xec\xf9j\xc3\xd0W\xe8\x7f\x86\xff\x00\xe0\x86\x9f\x1co\xd9D\xda\r\xc0\r\xc9\xc4C\xfa\n\xef\xbc3\xff\x00\x04\x01\xf8\x99vS\xedzt\x80\x9c\x12\n\xe3\xf9V\x7f\xdb\x98u\xf0\xc5\xbf\x90,\x1dU\xb9\xf9h\xb0\xde\x9e~\xccz\xf1I\xfd\x95w7\x0b\x1b\x91\xdb\x07?\xd2\xbfc|5\xff\x00\x06\xee\xf8\x82U_\xb6Y\x12{\xeeBG\xf2\xafD\xf0\xd7\xfc\x1b\xb9\xa4\xdb\x95k\xdb\x16\xc7\xae\xcf\xf15+;\x94\xbe\nL\xd28[\x1f\x861\xf8wT~\x96\xcd\x8fR\xa6\xacC\xe0\xcdvs\xf2X\xcaGm\xa9\x9c\xd7\xf4\x11\xe1\xdf\xf87\xc3\xc0\x91\x053\xe9\x198\xe4\x98\xb3\xfdk\xbe\xf0\xdf\xfc\x10S\xe1\x85\x84H\x92\xf8h0\xff\x00j1\xc7\xe9K\xfb[\x1e\xf6\xa3b\xbe\xaa\x91\xfc\xe2\xda\xfc/\xf1\x85\xdf0h\xd7\x07=\x07\x94k[O\xf8\x11\xf1\x16\xf0~\xef\xc3w\x078\xe9\x11\xff\x00\n\xfe\x97\xfc=\xff\x00\x04:\xf8;`\xa1\xe4\xf0\x8c$\x8cd\x94\xed\x9f\xa5v\x9a\x1f\xfc\x11\xcf\xe0\x9e\x9f\xb5\x8f\x84`;}b\xa8\xfe\xd2\xcd\xaah\xa0\x81Q\x82\xea\x7f0\xdaw\xec\xb9\xf1OQ\x01b\xf0\xc5\xc9\'\xa0\xf2\xcf\xf8WE\xa4\xfe\xc2\xff\x00\x19\xb5@\x04~\x13\xb8\xcbt\x06&amp;\xff\x00\n\xfe\xa1\xf4O\xf8%\x7f\xc1=0\x00&lt;\x17l}?t?\xc6\xba\xcd\'\xfe\t\xdd\xf0{N\xda\xf0xJ\xd9\n\xf1\x8f\'\xff\x00\xafK\xdb\xe73ZY\x0e4\xa8A\x1f\xcb\xb6\x8b\xff\x00\x04\xd0\xf8\xdf\xaa(q\xe1\xa9\xbf\xdd\xfb;q\xfaWk\xe1\xcf\xf8$7\xc7\rW\xcbg\xf0\xfd\xc8W \x10"l\x7f*\xfe\x9f4\x9f\xd8\xb7\xe1v\x97\x82\x9e\x1a\xb4R;\x88G\xf8WCc\xfb5|=\xb1\xc0\x8bE\x80\x00G\x02&lt;Rq\xcdjoR\xc3\xb5\x1e\xc7\xf3O\xe1?\xf8!\xe7\xc5\xfdL\xa7\xdat\xa9\xf0z\x9d\xa4\x7f\xf5\xeb\xd3\xbc\x1d\xff\x00\x04\x08\xf1\xcd\xcb#\xde\xd8\xe0\x102\x879\xfeu\xfd\x13i\xdf\x04|\x15l@\x8bJ\x85q\xff\x00L\x85l\xda|3\xf0\xbc\x00\x08\xf4\xe8\xbas\xfb\xb1Q\x1c\x0e.o\xdf\xab&amp;S\x95%\xb2?\x04\xfc\x1f\xff\x00\x06\xf4\xcb&gt;\xc9/\xe0\x03\x8c\x91\xe5\x13^\xa7\xe1?\xf87\xb7\xc1\xb6\xe1E\xe6\x9a\xa7\xa1\'\xcb9\'\xf2\xaf\xdah|\x11\xa0D6\xae\x9f\x1e\x07\xfb"\xad\xaf\x86t\x88\xd7lV\x91\x81\xeb\x8e\x95K)\x8bw\x9c\xdb\xf9\x93\xedm\xb2?\x1e_\xfe\r\xff\x00\xf8f\xb6\xe66\xd1\x86\xe000\x98\xcf\xe9^A\xf1\xe7\xfe\x08!\xe1\xabK9\xcf\x87l\xfc\xb9\x11\x08\xc9\x8c\xf1\xc1\xf6\xf6\xaf\xdd\xcdGI\xd3b\x84\xb3[\xc6v\xf4\xe0W\x05\xe3\xdb-\x06\xea\xd6Hnmc\xe79\xe2\xb9\xab\xe5\x14\xd6\xb4\xe4\xd3^f\xb0\xafwf\x8f\xe5;\xf6\xae\xff\x00\x82b\xf8\xf3\xe0\xfd\xe4\xf3A\xa60D\x04\x87D8\xe2\xbeH\xf1/\x86u?\x0c\xde\xbd\x8e\xa3\x03++u \xf4\xaf\xea\xbb\xf6\xa4\xfd\x9c&lt;\x0b\xf1#J\xb9\xb7m&amp;\x19\x0b\xa3u\x8cz\x1e\xe3\x9e\xf5\xf8\xc1\xff\x00\x05\x03\xff\x00\x82{\xcf\xe1\x0b\xbb\x8dOH\xd2\x19c\x0c\xcd\xb9c\xe8G\xe1Y\xe0\xf3|^_]Q\xc5&gt;htf\xb5\xb0T\xabR\xf6\x90\xdf\xb1\xf9\xed\xe0\x9bH\xaf|Y\xa7ZN\xc0$\xd7\xb1\xc6I=2\xea3\xfa\xd7\xf4u\xff\x00\x04\xbd\xd0\xe5\xf0\x07\xc2M7A\xd4`\x8c\xacj\x08\xda2y\x1e\xbd\xc6\x00\xaf\xe7/P\xd0\xb5\x1f\tx\x93\xec\xd7\xf1\xb4o\x0c\xff\x00+t\'\x07\xad~\xe5\xff\x00\xc10\x7fm\xff\x00\x06x\xef\xe0\xfe\x91\xe1\xef\x16\xea\x91\xc3\xe2\r6\xdd-\xe5\x97xU\xbcE\x00+\x8f\xf6\xb1\x80G\xb5}Uj\xb1\x94\xe38=\x19\xe2\xd4\x82\x8c\xf9f\x8f\xd2\xeb\xbf\x12\xd81\xb7\x96\xd4\x0c\x93\x87^GA\xd7\x9a\xec\xbc9\xf1+B\xd1\xb4\xbd\x92\\\x88\xfc\xbe\x183\x0f\xce\xbej\x9b\xe3n\x87w\x14v\xe6xd\xc6v\x12\xfc\x81\xeb\x9a\xe1\xfe0|e\xbb\xb0\xd1\xae&amp;\xd15\xa1\x1c\xcb\x11(\xa2L\x11\xc5T\xb1t\xe9A\xb6e\xc9+\xe8{\x97\xed-\xfb`\xfc%\xf0.\x91u}\xe2\x8f\x18[Z$K\x81\xe7H\x06[\x18\n\x07R~\x95\xf1\xac\xff\x00\xf0S\xbf\x83w\xfa\x8c\xd6\'\xc4Q\xdbG\x90!\xb8\xb9\x89\xbc\xb79\xe9\x91\xca\xfe5\xf0\x8f\xed\x95\xe3\x9f\x1c\xf8\xb3\xc5r^\xeaz\xc5\xc5\xc8\x88\x90#\x91\x89\xdb\xcek\xe7v\xf8\x81\xa8\xc19\x8d\xd7v\x0f9\xaf\x97\xab\x9b\xd7\x9dv\xe1\xf7\x1e\xa5*\n\xcb\x9d\x9f\xa1\xbf\xb4\xc7\xed\x95\xa3_\xe9\xf37\x87\xf5\xfb9\xa0p\x03}\x9a\xe00 \x8f\xc0\xd7\xc7\x1e \xf8\xbdw\xafkO*\xa1\\?,\xed\x9a\xf2\xfdG\xc6wwyg$1\xe8\xa4\xf1U\xf4\xbdm\xe5\xd4cV#q\x90\x02\xa2\xbc\x9culV&amp;\xf2\xdb\xd0\xf5p\xb0\xa5\t&amp;\xf6?G?\xe0\x9d\xa65\xf0\x85\xe6\xb4n\x99Zk\xb2\xc7\xe588\x07\x1fN\x9d+\xa7\xfd\xb0&lt;Y\x14\x9a\x1c\xd1\\\xde\xec\r\x1e\t-\xc3\x03\xdb\xd2\xb8\x0f\xd8\xca\xee\xf3\xc3_\x0c\xac\xe2\xda\x12I\xd1\xa4\x91_\xb6G\x15\xe7\xbf\xb6\xb7\xc4\xd9\xae\xad\x0e\x9e\x97\x8e\xa4H6\x8d\xc3\xa8&lt;\x9a\xf2q\x19\x8e&amp;0\x8d7{\x9e\x95&lt;5\n\x91r\x88\xef\x82\xdf\x08-\xfe!;\xdd\xdaya\x9aC\x1a\x8d\xb98\xf5\xf4\xae\xbf\xe2\xaf\xec\xa5\xfd\x9f\xa6\xb3\x0b\x18\xcb\x85\xdd\x9f/$\x93\xeb\x83^M\xfb\x14~\xd0\x1a\x87\x83\xfci\xfd\x8f\xaa\xcf\x13\xc3$\x88\x07\x98\xdcc#?\x8e\x05}\xa1\xe3\x0f\x18\xe8z\x97\x86]\xf6\xc2\xc0\xc2\xa5U[\xa8&lt;\xe2\xbd\x8c\x15U&lt;;s\xdd\x1e&gt;"\x9b\xe7\xe5h\xf9\x83\xf6s\xf8A\x1d\x9f\x8eR\x0b\xeb_.\x19\xe5\x11\xf9\x84\xfc\xa8\xdb\xb8\'\xd0W\xde\xfe*\xf8M\xa4x{\xe1\x16\xeb[\x94\xfbE\xbd\xa8\xc9+\xb8\x11\x8c\x90\x0f\xe2k\xe7\x0f\xd9\xea\xde\xcfW\xf1\xc9\xd1\xc4I\xe6\xca~Tu\xc2H2N\t\xecz\x0f\xc2\xbd\xbf\xf6\x86\xf8\x8d\xab\xfc.\xf8s&gt;\x8f\xaeio\x0cF\x01\xb6I\x13\x81\xd7\x80GQ\x8e\x95\x18\xa9\xcb\xd85m:\x1ctc\x1eowu\xb9\xf9A\xff\x00\x05\x02\xd6\x81\xf1\x1c\xd0&gt;\xdf:7l\x10\x06q\xcd|v\xcc\x891\x96W?1\xc75\xef\x7f\xb6\x8f\xc4%\xf1o\x8c\xee\xae\xad%\r\x10v\n{\xe75\xe0\x89\xfb\xcf\xbb_G\x91R\x95&lt;\x15\xdfS\x8f\x12\xefT#\x94\xcb!\x8c\xe3\x1d\x88\x14\xef/\xf7b=\xc7\x83\xd7\xbd6Y%y&lt;\x84b\xb8\x1dqN\x92W\xb6\x88\x10\xb9\xc9\xc1\xaff\xdd\x11\x92vw+kh\xabh\x08\x1d\x1c\x0f\xd2\x8aMY\xf3f\xac\xc0\xf3 \xfeF\x8a\xea\xa3\xf0\t\xbb\xbb\x91Y\xecX\xc30\xe9V\xd5\xc3&amp;\xf1Tm\xdc\x18\x95{\xf3O2\x10v\x0f\xca\xa2Q\xbb:\xd3\xbcP\xf9/T0\x85\xd3$\x9e\xb5\x15\xd4\xac\xb2\x10\x18\x1e=)C\x16#\xe5"\x9b%\x95\xc3K\xbdc$\x1fAM(\xc5\x99\xc9\xca\xfa\x10\xf9\xd2\x0e\x86\x97\xce\x7fo\xca\x9c\xd6WHp\xd07\xfd\xf2i\xd1\xe9\xb7\xf2`\xc7n\xdfR\xa6\x9d\xe2JR[\x11\xf9\xcf\xedJIhK\x93\xcex\xabQ\xf8w[\x98n\x16.~\x8aj\xc4\x1e\t\xf1\r\xcf\xdc\xb1\x98\x8fh\xdb\xfc*]Z1\xdeH\x1f;3Q\xdb\x92i\xbek\xe7 \xe3\xe9[\xf0|.\xf1m\xc8\xcc:U\xcb}"o\xf0\xad;\x0f\x81_\x11\xef\xd4-\xb7\x86/\\\x1eG\xee\x1b\x1f\xca\xb2\x963\t\x1d\xe6\x81s\xda\xd69\x04\x94\xe0\x122iZVn\xc2\xbd#N\xfd\x94~0j\x05|\x9f\x07\xdfs\xff\x00L\x1b\xfc+\xa1\xd2\x7fa/\x8fZ\x99\x1eG\x80\xee\xd80\xe31??\xa5d\xf3&lt;\xbe?m\x07\xb1\x9a\xd5\x1e*\\\x81\xc5"J\xc79\xc5}\'\xa4\xff\x00\xc12\x7fh\xfdL\xa9\x83\xc0\xd3\x8epG\x94\xc4\x8f\xc8Wi\xa1\xff\x00\xc1\x1f?i\xedd\'\x97\xe0\xcb\x85\xdd\xc6&lt;\x87\xff\x00\n\xc6Y\xc6\x02/q\xc7\x0fRZ\xb4|p\xd2\xaa\xc8\x18g4\xc2I9\\\xd7\xe8\x07\x87\x7f\xe0\x85\x7f\xb4\xfe\xaeTO\xe1\xa9#\x04u\xf2\x8e1\xf8\xd7\x7f\xe1O\xf87\x87\xe3\xf6\xa5*\x9b\x9d8(#\x90r=+7\x9e`\xfa&amp;\xfeE\xc3\x0bR\xd6?1DG8X[\'\xa74\x0b;\xe2G\xfa9\xaf\xd8\x0f\x0c\xff\x00\xc1\xb6\xdf\x14\xafB\xb5\xfa\xc4\xbe\xe6V\xff\x00\n\xf4o\x0b\x7f\xc1\xb4Z\x98*5Ia\xce9\xc0f\xfdsX\xff\x00n\xc1\xfc4\xd9\x7fR\xa9\xdc\xfc&gt;\x1ae\xff\x00\xfc\xf1\xeb\xd3\x9a\x92=\x03W\x95@[F9\xee\x14\xd7\xf4\x0b\xe1o\xf86\xb3\xc3\x16\xfb\x0e\xa1,y&lt;\x1cDN\x7f:\xf4\x8f\n\x7f\xc1\xba\x9f\x08\xb4\xed\x82\xea\xd1\x1f\xa0*\xd1\xf1R\xb3\xaa\xf2\xf8i?\x99?Tky\x1f\xcd\xfd\xa7\x80\xbcC9\x02-6s\x9f\xf6\x0f\xf8V\x9d\xa7\xc1\x7f\x1cj@\xfd\x93\xc3\xd7m\xcf\xde\xf2\xce?\x95\x7fN\xfe\x18\xff\x00\x82\t|\x01\xd1\x8ay\xfa\x1c2\x11\xc8\xde\x07_\xc2\xbd\x13\xc3\x7f\xf0F\xbf\xd9\xcbGUA\xe0\xfb?\x93\x8eW9\xe6\xa2Y\x96g\'uM/\x99\xb7\xd5\xa9w?\x95\xfd7\xf6Y\xf8\xad\xaa\xbaCm\xe1k\xbc\x9eA1\x9ek\xb1\xf0\xdf\xec\x13\xf1\xc7\\u\xf2&lt;\x1dpI=\xa1\'\xfaW\xf5Y\xe1\xef\xf8&amp;W\xec\xff\x00\xa2 \x11\xf8*\xc3 \xf1\x9bE?\xd2\xbb=\x17\xf6*\xf83\xa2\x8cA\xe0\xfb&lt;\x0e\x98\xb6_\xf0\xac\xe5\x8b\xce*-\xd2\xf9\x15\x1a\x14\x11\xfc\xach?\xf0J\x8f\xda\x07Xpa\xf0\xcc\xeb\xb8g\xfe=\x9b\xfc+\xbe\xf0\xc7\xfc\x11C\xe3\xfe\xb5&amp;WA\xbaQ\xeb\xe4\x10?&lt;W\xf5\x1f\xa5\xfe\xcd\xff\x00\r\xac#\xdbo\xe1\xdbe\x00\xf40\x0f\xf0\xadkO\x84~\n\xb6\x1bc\xd0\xe0\x1e\xfeP\xa9K2\x9f\xc5W\xf0\x1b\xa3\x86?\x99\xaf\n\xff\x00\xc1\x01\xbe4\xea\xa5Z\xe7J\xb8\xc9\x1f0+\xff\x00\xd6\xafG\xf0\xcf\xfc\x1b\xad\xe3\xbb\x82\xbfo\x82D\xe4\x0c7o\xe5_\xd1T^\x04\xf0\xd5\xa8)\x16\x9b\x10\xf4\xc4b\xa7O\x0eiQ\x00"\xb2\x88c\xa7\xc8*\xd6\x17\x13/\x8a\xab"P\xa3\x1d\xa2~\x0bxS\xfe\r\xc2\xbb%[Pa\xc9\xf9\xb7&amp;s^\x93\xe1o\xf87/\xc31\x8c\xde\xaad\x1e\xa2\x1e\xbf\x95~\xd1\xc7\xa6XB\xc5\x84\x11\x83\xdf\x11\x8a\x90Ek\x1fH\xd0g\xd1\x05?\xec\xe8I\xdd\xcd\xfd\xe0\xa5N:\xd8\xfc\xa8\xf07\xfc\x1b\xc7\xf0\x8bO\x9a95;o5T\xfe\xf1Lc\x19\xfc\xab\xd3\xfc9\xff\x00\x04#\xf8\t\xa7F\xf3.\x81\x02\x80\x7fv\x9fg\x07\xfaW\xe8ZL\x91\x91\xe5\x9c\x0e\xfd*O\xb5\x12r\xae1\xee\xa2\xa2yF\x16\xa7\xc6\xdb4\x8e!Gh\x9f\x16\xf87\xfe\x08\xe3\xf0\x0f\xc3\xa32xZ\tr\xdc\x17\xb6S\xc7\xfd\xf3]n\x9d\xff\x00\x04\xac\xf8\x0bg\xbd\xdb\xc1\xd6\xc4n\xc8?g^?\xf1\xda\xfa\x9aK\x91\xf7D\xec\x7f\x01\x8ao\x9a\x8f\x95\x92F z\x1aq\xca0\x11wH&gt;\xb4\xfb\x1f&lt;i\x9f\xf0N_\x81:z\xee\x8b\xc26\x83=\t\x8d\x7f\xa5l\xe9\xbf\xb0\xef\xc1\xed9\xb6\xc3\xe1\x8bO\xc60k\xdb2=E*\xc8\xa0c5\xb2\xc0\xe1b\xf4\x89\x0e\xbc\x9b\xb9\xe6:\x7f\xec\x9d\xf0\xb6\xc3\x98\xfc?j\xad\xea"\x02\xb5\xec\xff\x00g\xcf\x87\x96\x81U4x~Q\x8c\xed\x15\xdc\x19\x90z\xd3\x0c\x8b\x9c\xf3[\xc6\x86\x1e?\x0cL\xe5VL\xe7-\xbe\x0fx.\xd8~\xebK\x87\x8f\xf6@\xad\x08~\x1dxZ\xcf\x03\xfb=\x06@\x0b\x84\xeeO\x03\xf3\xc5p\xdf\xb4\xc7\xedu\xf0\xbf\xf6C\xd1\xb4\x0f\x16|c\xd1\xbcD&lt;?\xae\xea\xc7O\xb9\xd7\xf4\x8d5nm\xb4w\xc0"K\xb1\xbc:\xa1\x1b\x88\xd8\xaep\x8ev\xf1^\x8d\xa1\xf8\x87C\xd7\xf4\xeb/\x10h:\xbd\xa6\xa1\xa5\xdf\xc3\x1c\xfa~\xa1ar\xb3[\xdcB\xe3)"H\x84\xab\xa1\x1c\x86\x04\x83\xc7\xadR\xf6\\\xcdir=\xabz\x1c\xf5\x9f\x88~\x0c]|@\x9f\xe1.\x9d\xe3=\x19\xfcUm\xa7\xad\xe4\xde\x1cK\xb57\x8b\x03(e\x97\xca?1\\\x15\'\x1d\x03\x02H\xcdj\xe9w\x9e\x03\xbf\xf1.\xa9\xe0\xfd3Z\xd3.5m\x16(%\xd5\xb4\xb8\'Cqd\x93)hZT\x07r\t\x15K)`2\x01\xf4\xaf\xc8\x0f\xda\xef\xf6\xbd\xf8\xa9\xa3~\xd8\x1e5\xf1.\xb5\xe1\xcb+\x0f\x8c\x9f\xb3\xdf\x88\x13]w\xd1\x93\xc9\xb7\xf16\x87i;\xbb"\x82ISq\xa4\xdeA\x1c\x88r\t\xb6F\x00\x16!}\xc3\xc0_\x19u\xbf\x1f\xff\x00\xc1\xc1\xb6\x1a\xff\x00\xc1O\x1a\xddE\xe0\xcf\x89\xbf\x04\xf4O\x16\xeb\x02$P\xba\x8d\x8cvW\x1feV\xcf8\x0cQ\x88\x04t\x038\xcdq\xd2\xc6\xc2Ni\xaf\x86\\\xbf\xf0O?\xeb\xb2N\xcdu&gt;\xe4\xfd\xab&gt;\'\x0f\x81\x1f\xb2\xff\x00\x8f\xbe/\xe8k\x04Z\x8e\x83\xe1\x9b\x8b\x8d&amp;I\xa2\x0e\x82\xf0\xae\xc8\x01\x07\xef~\xf9\xe2\x18=s^\x81eo4\x1a}\xacZ\xac1\xfd\xa8ZD.\x9d\x10(iB\x01!\xda8\x1f6zW\xcd\x9f\xf0Uk\x9b\xcd_\xf6W\xd1\xbe\x17XFD\xdf\x10~3\xf8C\xc3\x81\x03\xf5\x8a]b\t\xa6\x04\xf5\xc7\x95\x03\xf6\xed_K\xea\x93\xa3jS\xc9\x16p[\x04}?\xfa\xe4\xd7{w\x9b\xecu\xc5\xbfl\xd7a\xed\x1c@\x06T\x1f.H8\xa8\xfc\xc5\x07,\x07&gt;\xd5\x0f\x9c\xc7\x83CM\xe5\xf4\xe74\xb9\xb9^\x86\xf7d\xc6D\x7f\x94\x0f\xd2\x9d\x1bBN\xdd\xbd:\xd5s/\xca\x18\x91\x8c\x8a\x1e\xe0+\x10\xb5JV\x16\xe4\xedq\x17\x00F\x07=qBN\x8c\x81\xb6\xe4\xe3\xa0\xaa\x899f\xc3\xe7\x03\xee\xf1OI\x15\xc6G\x1c\xe3\x06\x95\xd0\xac\x8b\xa2\xe1\x02\x06\xc7$s\x8a\x96)7\x00\xcb\xde\xa9\x16\x00g?\x80\xa5\x12\x95 \x0e\x9fZ|\xed\x05\x91|\xca!\xeaO5\x05\xd5\xe9T88\xe3\x8fz\x82[\x91\xb7qlc\xa5dkz\xbf\x92\x84\xb4\x838\xe2\x93\x9e\x97a\xa6\xc8\xaf\xe2_\x10\xac\x10\xba\xee\xe5}\xeb\xc7\xfe#x\xdcF\xb2\x81&amp;0\xd8\xe6\xb5\xfe \xf8\xd6;t\x93\x13`\x92z\xe2\xbc\x03\xe2\x07\x8e\x1a\xfa\xea@\xb2\xe4\x97 \x13\x9a\xf1\xb1\xf8\xbeE\xa3;p\xf4/\xab/j~)\x17W,|\xd2T\x13\xc09\x15\xe6\x9f\x1f\xfe\x06xo\xe2\xdf\x84\xaeA\xb2\x8c\xbb\xabnB\x80\x9e{r+V\xd7X\xdfs\x90O\xcd\xceksH\xd5H`X\x06\x07\xb3t5\xf3\xee\xb2\xc4.Y\x1e\x8cW\xb3\xf8O\xc3_\xdb\xf7\xf6\x1b\xd5&lt;\r\xe2\x1b\x9dOM\xd2\xc8Q;\x14\xdb\x18\xc5y\x17\xc0_\x1ex\xe7\xe0\xee\xb4\xb1\xd8\xb3\r\xae\x03\xc1&amp;B\x9f\xd4b\xbfv\xbfi\xff\x00\xd9\xc3\xc3\xff\x00\x16&lt;/&lt;\xa2\xd1\x19\xf0\x1b\xeed\xa9\xcfj\xfc\xc6\xfd\xa2\xff\x00c\x8dG\xc2Z\xdc\xb7V\xdah\xde\xa3\r\xe5\xa9\x19\xc1&lt;\xd7^\x0f\x17\x88\xc2\xc7\xd9OT\xb6g\x9f\x8c\xc3F\xa4\x9c\x91\xb9\xe1\x1f\xdb\x82\xee\xf6\xc2\x0bk\xcdC\xec\xd3\xee\xe6\xdeG`\x1b\x1e\x86\xbb\xa3\xfbI/\x8e\xb4\xbf\xec\xdb\xbb\xcd\xb2\x15\xf9\x18K\xd7\xd7\xeb\xda\xbeM\xd3&gt;\x1e\xde\x96T[&amp;tV9F\x1f2\xfa\xe2\xb6\xa7\xf0F\xbb\xa4\xd8\x1b\x9d#Qu\x00g\xc8\x91\x98\xed&gt;\xdd\x08\xa2\xb6m\x1as\xb3\xd4\xe7\xa5\x86{\x1d\xe7\xc4\xcbH\xf5\xab\x89dg\x0f\xd5\x81a\x93\xd3\xa5x\x7f\x89~\x1dG-\xcb\xdcA\x10Fw\xca\xc6G\xde4j?\x14|A\xa2\xdf\xff\x00g\xeb\xd3I\x80pK\x92s\xf8\xd6\xf6\x85\xe3\xdd\'TUI\xee\xa3l\xf5,\xdd**\xd5\x85X\xa9\xc1hztTd\xad#\xcfuO\x04\xea\xd1\x1e\x10\x9fB\xc9\x9c\xfeUg\xe1\x8f\xc3\xdd_[\xf1\xd5\x8d\x8bX\x92d\xb9@@C\xeb^\xff\x00\xe1\x1f\x0f\xf8w\xc4\x10\xab\x86\xb7\x0c\xc3\x8d\xac\x08\xaf{\xfd\x97\xbff\xef\x07j\xbe7\x87Z\xbd\x81\x08\x86=\xc1@\x1f{\xd4\xfbW\x93\xfd\xa2\xe9VP\x92\xb9\xe8\xc7\x00\xbd\x8b\xb3-\xf8S\xc2z\xa7\x85\xbc \x86\x0bv\x8d\x16,a\x87`01\xf8\xe6\xbeA\xfd\xaa|Iqw\xe2\xa7\xd3\x8ba\x91\x7fxH\xf5$W\xea\xdf\x8f~\x1a\xf8b\xd7\xc2r,0"\x08\xe3%H\xef\xc0\xff\x00\n\xfc\xb6\xfd\xac|\x1d\x14\x1e=\xd4\xaf"\x1c,\xd8S\x9c\x82\x05,Uzs\xc5F\xe8\xaar\x95(\xa4\x96\x87\x8fxg_\xbd\xf0\xee\xb1\x16\xabi9I\x15\xf2\xce\x1b\xf0\xe2\xbe\x92\xf8\x7f\xfbG\xdc\xea\xba,:F\xa1v0\xbbA%\x8eH\xe9_0\xc9t!\x0e\xb1\x04\'\x7fG&gt;\xd5&gt;\x85\xaf\xcc\x97i\x01\x91\xd0\xa1\xc9h\x97#\xe9]qR\xf8\xad\xa1\xc5\x8b\xab\n\x93\xba\xdc\xfd\\\xfd\x9d\xb4\xaf\r]h\x10x\x86\x07\x8de\x00\x1f5\xba\x8f\xca\xb8\x8f\xdb\xeb\xe2L#\xc0WV\x12\xeb\xf73F\xa8F\xc6s\x83\x81\xfc\xab\xc0\xbff\xdf\xdaC\xe2\xbf\x87t\xf9\xb4_\x0b\xe8\xaf\xac[$Cx\xbaW\xd9\x12\x9e2\\`\x0f\xa5y7\xed\xad\xf1\xa3\xe2?\x8aM\xc2\xeb\x16\xa2\xce\x00\x08h\xa1c\x86\xcfa\x9a\xed\x9e\x1eSqQ\xd2\xe7\x8b\xed \xaf}\xcf\x94\xbe+\xebq\xeb\x1e%\x968e\xdc3\xc7\xb7Z\xe6"\x80C\x9c&gt;x\xab\x17\xd7R\xdd\xdd&lt;\xf3\x1c\x92}*"p@\xf5\xaf\xb2\xa3\x1fcF0]\x0e\x19\xbei\\BKaR-\xc7\x9c\xe3\xb5")\xb8\x1c\xe3\x04gi\xa7R\xc2\xac\tB\xa4\x11Z\xdd\x85\xa3k\xdc\xa7\xe2\x15\xd9d\x83h\xff\x00X?\x91\xa2\x8f\x11\x82,\xd0\x1f\xf9\xe9\xfd\r\x15\xdbCZH\x93o\xe1\xdf\xc2\x9f\x14\xf8\xfd\xa2\x83@\xd1\xa7\xbaid*\xa6%\xc8\xaf\xa7\xfe\x0c\x7f\xc1\x1e\xff\x00i\xcf\x8aqEyc\xf0\xfe\xf2\x08\xa6\xc6\xc9f\x8b\x8ek\xed\xdf\xf87\x8f\xf6&gt;\xf8u\xf1\x1b\xe0\x86\x99\xf1{\xc6\x9ats3\xde\\\xa2y\x8a\x0eJ\\\xc8\xbd&gt;\x82\xbfm\xbe\x1bx\x0b\xc0\x9e\x1d\xb2\x82\xdbI\xd0\xed\xe3E\x03\x19N\xd5\xf3uj\xe68\xacUHS\x92\x8cb\xed\xe6\xcfk\xd9\xd2\xa7J-\xf5G\xf3\xf5\xe0?\xf87\x0f\xe3\xfe\xba\x12]M\x12\x00\xc0|\xa52k\xd4|/\xff\x00\x06\xc6\xf8\xee@$\xd5\xf5E\x07\xd4G_\xd0\x15\x8e\x93\xa3G\x00D\xb3\x8d\x1f\x8d\x84 \xe6\xa7\xfe\xcf\xb4\x8aL&lt;`\x123\xf7\x7f\xadG\xd4\xe7\'\xef\xd5\x933r\xa6\xbe\xc9\xf8k\xe1\xcf\xf86\x16\xc5\xb66\xb1\xaa\xc8\xfe\xbf!\xc7\xf3\xae\xf3\xc3\xdf\xf0lw\xc3[vG\xbf2I\xc7t\xe3\xa5~\xc9l\xb7\xc6\n\xf0:`\xd3&lt;\xc5W\xc2\xafC\xc1&amp;\x87\x96S\xeb9?\x99&gt;\xd2\xdb#\xf2\xc3\xc3\x7f\xf0m\xef\xc0;\x14V\xbf\xd1\xc3\x95\xfe\xf7\xff\x00\xaa\xbb\xbf\x0e\xff\x00\xc1\xbf\x7f\xb2\xee\x98\x14\xdcxR\' \xf5\'\xff\x00\xad_\xa2RN\xa0\xfc\xc4t\xa6y\x89\xfd\xea?\xb3p\xbdn\xfe`\xaaH\xf8\x9bC\xff\x00\x82"\xfe\xcazP\x06O\x03Z6\x0f\x19\xc7\xf8Wc\xa3\x7f\xc1%\xbfe\xad *\xc5\xe0\x0b\x0c\xa9\xef\x1e\x7f\xa5}R\'\xda0\xa0\x1ai\x94(\xc9L\xfe5\x7f\xd9\xd8F\xf5\x89\\\xec\xf0m#\xfe\t\xcf\xfb7\xe9;L?\x0f\xf4\xf1\x8e\xdfg\x1f\xe1]&amp;\x9d\xfb\x17|\t\xd3\x14\x0b_\x02X.:\xe2\x15\x19\xfd+\xd5\x05\xd6&gt;\xf3\x0f\xa5/\xda\xd3 c\xaf\xbd/\xaa\xe1\xa1- \x87\xed&amp;\x8e\x1fO\xfd\x9a~\x11\xd8\x00-\xbc!f\x98?ua\x1f\xe1Z\xf6\x7f\x06&lt;\x03e\xfe\xa3\xc36\xc3\xd3\xf7C\x8f\xd2\xba_: 2\x1cf\x93\xed_\xed\x8a\xd24\xe8/\xb2\x84\xe5\'\xbb2\xed\xbe\x1c\xf8R\xd8/\x95\xa2B01\x82\xa3\x15n\x1f\t\xe8\x96\xff\x00\xeat\xb8W\xe8\xb5g\xed_\xed\x8a&gt;\xd5\xfe\xd8\xaa\x93\x84\x1d\x90\xb9\xa42\r#O\x07lvq\xaf\x1d\x96\xa7\x16V(641\x8cT&amp;Px2~T\x9eb\x7f\x7f\xf3\xa5\xcf\xe4&gt;i\x16BZ\xa1\xca\x90&gt;\x9c\xd3Y\xd07\xcaA\x03\xda\xa1\xf3\x13\xfb\xc2\x90\xca\x80d0\xa3\x9d\x10\x8b~dh\x9b\xc0\xceN1\x9a\x7f\x99\x08\xfb\xa0\x96\x1e\xe6\xa8\x1b\x90F\x0b\x8a_\xb6(\xe4c?Z\\\xd1\x19x\xdc\xed\xea1\xf5\x14}\xa8t\xc7\xe9U\x16\xe5d}\x84\x8e9\xcd1n\xca\xbeXq\xf5\xac\xa56W)w\xedJ\x7f\xfdU\x14\xd7\x0eNS\xe5\x1e\x98\xaa\xdfj\x19\xe1\x80\xa6\xcdq\x9c6\xfe\xb5*\xa5\x9e\xe0\xd5\x913\xca\xc7%\x9b\x9cT/.\xce\xf9\xfcj\tn1\x92$\xedP5\xd3\xb7\xff\x00\xae\xb7\x84\xee\xb4d4\xde\xc5\x89\'\x19$\n\x8c\xdc\x13\xd4~\x95RK\x97,T\xff\x00:kJ\xc3\xa3\x03\xf8WZ\x96\x9a\x98\xdb[\x17&lt;\xd3\xd7?\x85(\x99\xba\x03\x8fj\xa2\xb3\xba\x9c\xd2\x9b\x87/\xb8\xfat\xa7\xcc\x9e\xc0\xd5\x8b\xcbp\xe3\x9d\xdcz\x11\xde\x9d\x14\xea\xd0\x86a\xf3\x9e\xb5E.\x99\xc6H\xfdj@\xe06\xed\xf8\xf6\xac\xe5$\x96\x83\xe5-\xf9\xe3\xfb\xa6\x9c\xac\x19wb\xab\xab\x02pN)\xe1\xc0\x18\x12~\x15\x9f3lOFL$\x1f\xc3\xc5\x06P\xdf.?\x1a\x81\xc9n\x87\x14\xa8\xec\xc7j)b\x07D\x199\xfa\n\xdd;\x08\xcd\xf1\xff\x00\x82&lt;!\xf17\xc1\x9a\x87\xc3\xcf\x88Z\x04:\xae\x87\xaa[\xb4W\xf6\x13\x8e\x1c\x12\x08en\xa8\xeb\x8c\xab\x8eU\x82\x91\x82\x05~v\xdfx\xfb\xe3\x7f\xfc\x10\xe3\xe2\x8d\xbf\x87\xfcp5O\x1b~\xcc\x1e(\xd5\x99`\xbc\x82/:\x7f\x0b\\\xcc\xe4\xf9\x91"\xaeU\xc7-%\xb9!%\x01\x9e\x1d\xb2e\x1b\xf4\x84H\xb2\xfd\xf7&lt;\x1e\x84b\xb1\xfe!|:\xf0\x07\xc5\xff\x00\x01\xea\xff\x00\x0b\xbe)xV\xdbZ\xf0\xde\xbbf\xd6\xba\xb6\x95v\xbb\x92h\x8e9\x1f\xdd`r\xca\xc3\x05[\x04\x10Fk\x9a\xbd\x1ey\xaa\x91\xd2K\xf1\xf5&amp;qSG\xe6\xd7\xfc\x15\x87\xe1\x9f\xc2\xef\x89?\x1c&lt;\x05\xfbx|\x14\xb8\x87_\x87\xc5_\x0b\'\x1e\x1e\xf1\x06\x88\xcb.\x9f\xe2\x19,.\x16_\xb2K"\xe0\xbc\xb7V\x97Ol7\x01\x94\x86`W(\xbb~Y\xff\x00\x82[\xfch\xbc\xb1\xff\x00\x82\xb9|\x17\xf0b\xea\x972[xo\xc3SxB\xc2\xee\xe1N\xeb\xfd\nw\xd5.\xf4\xb6\xff\x00um\xee\xed\xe2\x00\xf4\x10\xa8\xed]\x9f\xed\x15\xf0\xc7\xe3\xf7\xfc\x12\x1f\xe2\x9e\x9b\xfb0\xea\xda\xbe\xa3\xe2?\xd9\xf3\xe2\x1f\x8f\xad\xb5/\x86~#\xbf\x90\xc8\xde\x19\xd5\xe5\xdfmq\x04\xa4\x80"-\r\xd4\xfb\xd0\x00&amp;\t\x1c\xe9\xf3y\xea\xdeS\xfb,x\x1bR\xf0\x1f\xfc\x16W\xe1\x06\x9ba\x8f/\xfe\x13kT\xb3HH%,\x0c\xcbs\x14M\x8c\x90a\x8d\xe6\xb7 \xe3h\xb5\xc7c^\rY\xca\x96m\xe54\x9f\xcdt\xf9~\xa7\x8d\x8e\xe6N-\xe9f~\xcb\xfe\xd1\x1a\x9e\x9b\xe3?\xdbC\xf6t\xf8\x15s\x1a\xdcGg\xa9\xf8\x87\xe2\x0e\xa1m\xb8\x92\x91\xe9\x9a\x7f\xd8\xad\\\x8fAs\xaa\xc6F\x7f\x89+\xda|_\xe3/\x0b\xf8\x0b\xc3z\xaf\x8f|\x7f\xe2\x9b\r\x13C\xd1\xade\xbd\xd65\x8dV\xe1a\xb6\xb3\xb6E.\xf2\xc8\xec@UU\x04\x93\xed_?~\xcd\x97\xeb\xf1\xff\x00\xf6\xd7\xf8\xcb\xfbX\xcd\x06\xed\x03\xc1\xeb\x17\xc2\x8f\x87\xb7p\r\xe9p\xb6o\xf6\x9dj\xe5O\xf1n\xd4%[|\x83\x8ci\xccG \xd7\xca\x7f\xf0s\xa7\xedA\xe2\xbf\x0b~\xcc\x1e\x08\xfd\x80\xbe\x11J\x97\x1e2\xfd\xa0&lt;M\x05\x95\xd5\x8d\xbb\xee\xb8\xfe\xc9\x8ahp\xa0\x0e\x82{\xb6\x860y\x0c\x91\xca;\x9c}4n\xe7\xcaz1n\x10\x95G\xd4\xfd-\xf0\xaf\x8b\xbc5\xe3\xaf\ni^8\xf0W\x88-u}\x1b\\\xd3\xe1\xbf\xd25[\tD\x90^Z\xca\x82H\xa6\x8d\x87\xdeFB\x18\x1e\xe0\xd5\xec\x8e\xbb\x87=\xb3\xd2\xb9\x7f\x84\x1f\r\xf4\x8f\x82\x1f\t|!\xf0KB\x90\xbd\xaf\x83|)\xa7\xe8\x90\xb1\x03/\xf6[d\x87\'\x1cd\x95\xcdtA\xc7\\rz\x8a\x1e\xe7T=\xe8\xdd\x92;\x9c\x1cF\xc7\x07\xa8\xa5V\n\xbb\x99\x87&lt;\xf2j\x17n\xa5T\x8c\xf5\xe6\x91I=NG\xa5\x03J\xe5\x92\xc4\x8c\x93\xc6z\xd0\xb2\x88\xcf\x9d\x82\xde\xf5\n"F\xbf\xebI\xc6H\x15,j&gt;\xce\xa8\xc7\x07\xdf\xa5\x03\xe5&amp;W\xc1\xce\xfeGN\xf4\x19\x08$\xb1\x03\x9e@5\x17=\x8e*9f\x11\xa9\x0e\xde\xf9\xa1\xb4\x95\xd8\x92\xb9\x1e\xa3xc\x807|\x1c\x8c\xd7\t\xe3o\x15%\xacnw\xe3\x83\xde\xb6&lt;U\xaey\x11;y\xa0m\x07\x15\xe2\x1f\x16&lt;{\xf68\\\tA;NI\xaf?\x13\x88\x84)\xb9I\x9b\xd1\xa7\xcd#\x96\xf8\xab\xf1\x03j\xbcfnI\xf9q\x8a\xf1\xadO_k\x9b\xa2\x0c\x84\x82s\x9c\xf44\xcf\x1dx\xc5\xf5\x1b\xd6\x01\xc7PH\xdd\\\xfc\x17\xf2M \x8d\x88\xc18\xfb\xe6\xbe7\x13\x8du\xa6\xec{t\xa8r\xc7c\xac\xd3\xafY\x99U\x8f$q\xed[\xbau\xf6\xd7\x00d\xfb\n\xe3\xb4\xeb\x99\x0es\x90T|\xa7\x1dkoO\xbb\x1ef|\xdc`\xfc\xbd\xf3\xda\xa2\x8c\xda\xd4\x99-lwzU\xe4l\xb8\x97\x0c\x8c\xb8(OZ\xf3o\xda\x17\xf6r\xd1|\x7f\xa3K\xa9\xe9\xd6\x08\xef\xe5\xe7j\xa7?J\xea\xb4\xbdBUQ\xb8\xf4\x1e\xb5\xd4\xe8\x9a\x80\x9e\x01\x0c\x91\x87F\xe1\x94\x9e?:\xf5)\xca5cfc4\x91\xf9w\xe3\xaf\x82\x92\xf8\x17\xc6\x9eM\xd6\x86a\x89d\x01\xb7\xa7\xcaG\x1c\xf1\xed]\x07\x8c\xbe\x08x^\xe3\xc2\x86\xfd,\xa3\x99e\x84\x07\x9dO\t\x91\xed\xc8\xe9_q\xfcm\xfd\x9e\xb4\x7f\x17\xd9\xbe\xa3cd\x85\xcf&lt;\x01\xcf\xb5|\x8d\xf1\xbf\xc0\x9a\xbf\x81\xed\xae\x17L\x96[x\n\x95{\x7f0\x9c~\x06\xa7\x17\x86\x84\xe8j\xae\xcc)E\xc2\xbb}\x0f\xce\xff\x00\xda[\xc3\r\xe1\xcdvE\xd2\xd0\xbc`\x95\ny\xef^\x1bs\xe2\xbdSEg\x92\x16\x95X\x1c\x9ep\xbfJ\xfa\x97\xe3\x8e\x92u\x8dM\xe0\x9e\xcdY\xc4\x9c\xf9g;\xbd\xeb\xc8\xf5\x9f\x80\xd3j\xc5\x92\xc6\x12\x1d\x8eAQ\x83\xf9WNSN\x11\xa2\xa3%\xa20\xc4N\xf5}\xd7\xa1\xcb\xfc?\xfd\xa0\xfcK\xa7_\xaa\x9b\x99PE\x86\xc8n\xbc\xfdk\xeb\x1f\x80?\xb6N\xa3\xa3\xddE&lt;z\xc4\xf1\xb1\x8faF\xef\x9e\xfdk\xe6\x8d;\xf6l\xd7\xb4\xeb\xe2\xb7\x10l-\x81\x92\xa0\xf3\xe9^\xa1\xe0/\x83\xda\x8e\x98\xe3\xcft\x0c\x06P0\x04\x1f\xd2\xbc\x8c\xfa\xbeSN^\xe3JH\xf62\xfax\xd9S\xbe\xa7\xd6^,\xfd\xbcu+\xdf\x0e\xcbf\xda\x82\x9f1:4]\x07\xf3\xaf\x93~-\xfcD\x7f\x1cjS\\%\xd2\xbc\x9331\n:\x9c\xfaRx\xe7O\xd4\xb4\xeb9\x16]\xa0/l\xf5\xeb^s\x16\xa5#\xdc\x86h\xd4\x1c\x9e7q\xd6\xbc\x9c\xbe\x94\xb1?\xbdr\xb9\xdbV&lt;\x92Q\x93\x0bo\x07\xdfk\x17,\x9e[\x1c\xb7%{W\xb2\xfe\xcd\xdf\xb1\xde\xad\xf1O\xc4\xd6\xfaP\x95\xd6)\xa4\x08\\\xe3#\x90=k\x8c\xf0O\x8at\xe8\xae\xcd\xad\xcb\xa3&lt;\xa0`\x13\xf7q\xe9\x8a\xfa\xf3\xf6\'\xf8\xd1\xe0\xff\x00\x07\xf8\xb2\xd2\xfbT\x92\x08\x1f\xcd\x18YH\x03\xef\x0e\xfd\xab\xdd\xc3\xba\xf3\xabi\xe9\x1b\x9e.20t\xe5\xca\xf5&gt;\xf4\xf8E\xff\x00\x04\xff\x00\xf8S\xf0\xaf\xe0\x8c^\x14\xd34(L\xaf\x18\x92\xfe\xf9\xe1\x02I\xa4\xdb\xf4\xe0\n\xfc\xce\xff\x00\x82\xac\xfc\x0e\xd0\xfe\x1e\xff\x00ij_,P[\xc6\xef\x18-\xf3\x11\xdb\xb7C\xc7\xe7_\xa6^=\xff\x00\x82\x92|\x11\xf8{\xe0\x87\xbf\xd6|Ao!\x8a\xdf\xe5\x89%\xe1\xb1\x9e\xe0\xf5\xaf\xc5\x8f\xf8)\xe7\xed\xcd\xab\xfe\xd5^;\xb8\x8e\xca\xd9,t(\xa5cmk\x16\x7f{\xd0nv&lt;\x9e\x9d+\xec9\xf0\x95\x9cU-\xd1\xf3\xb2\x8b\xa5\xee\xd8\xf9\x04\xdc$\x972)\x8f\x1f1\xc51f\x04\x86u\xe3\x1c\x13\xebR\x0c0\xde\xc0n99\xf4\xa3\x08~\xf2\xe7\xd0\xf7\x15\xe9\xe8H\x0c\xf5*@\xa7&lt;bA\xbc0\x18\x1cn\xe6\x98\xaa\xaa\xdb\x82\x00}EHXF\xa0\x15\xceM\x0bF4\x9c\x9d\x91\x9d\xae$\x82\xc9\x0b\xc8\xa4\x17\x18\x01q\x8e\r\x15\'\x88T5\x94dq\xfb\xce\x9f\x81\xa2\xbb\xa8\xbb\xd3Bz;3\xf7;\xfe\r\xcf\xf8\x8bko\xfb\x1f\xe9^\x13\x18\x13\xdajW\xac~n\xa1\xee\xe4?\xd4~U\xfa\xaf\xe1\x7f\x13\\&lt;(\xe9/\x04z\xd7\xf3\xf3\xff\x00\x04,\xf8\xe8|\x1f\xa9\xdax\x1a[\xfd\x91J\xf2\x00\x9b\xbb\xb4\xa5\xbf\x99\xaf\xdc\xdf\x87\xfe :\x8e\x91\r\xecsrT|\xa0t\xe2\xbe&gt;\x9diC2\xadM\xff\x003g\xbdR\x9a\xfa\xb4\'\xe4\x8ft\xf0\xc7\x8e\xa4\xb5eF\x97r\x9e\xa1\x8fJ\xed4\xff\x00\x10\xdb\xea\x90\x84\xdf\xf2\xe7\x9c\x1c\x91^#\xa4k%\xe2\n\xd3\x1c\xe7\x83\xc7\xf8V\xe6\x97\xe2{\xad&gt;bVQ\xff\x00\x02\x19\xc8\xf4\xafE\xcdI\xdc\xe5\xbe\x87\xadHv\x8c\x87\x04\x0c}\xd3\x93\xf8\xd3$\x94"\xf2\xdf\x85b\xf8g\xc6V\x17\x91\x91\xe6\xa2\xcaN\x0cn2\x00\xf6\xf6\xad\xaf\xec\xf9\'\x8d\xae\xad\x18le$\xc5\x9eG\xd2\xb3\xf6\xce/\x96L\xa5I\xb8\xf3Gb6\xb8B\x9d\x06s\xe9L\xf3\xfd\xaa\xbb\xdc\xc6\xa7\x19\xed\xceF*?01\xe1\xfa\xf6\xad%;\xad\x1e\xc2Ql\xb9\xe7\x1f\xefb\xa37$\x0e\\\x9a\xa8\xf326?\xad5%*r\xed\xc5g\xedd4\x8b\x9fj_\xf2(\xfbJ\xf5\xfe\x95W\xed\t\xea?:&gt;\xd0\x9e\xa3\xf3\xac\xdc\xe66\xb4-}\xa5O\x7f\xc6\x97\xede:\x1d\xd5H\xdd($\x00?:O\xb5\x9f\xee\x0f\xce\xa7\x9e@\x91\xa0n\xc6\xdc\x81\xcf\xa5\x0bvH\xc9\xe3\xf0\xac\xe3t\xc4`.?\x1aO\xb4?\xa9\xfc\xe9\xdd\x0e\xc8\xd0K\xac\x9c&lt;\x9f\xa6)M\xc1F\xca\x9d\xc2\xb3\xda\xe4\xb7Q\x8c\x1fZQ0a\x9f2\xa5\xcb\xcc,i}\xa0\x1e\x94\x1b\x81\xd0\xd6d\x92\xb0\x1f$\x94\x82\xe1\xb1\xcc\x9c\xd2\xba/\xd9#I\xe7\x1d\x80\xa6\xf9\xfe\xd5\x9d\xf6\x87\xe9\x9a|S8\xf9\xc9\xce;R\xb8\xb95\xb2/\x0b\x82\x0eGzs\\\x06\\f\xaa%\xd6I\xdc\xb8\x18\xeb\x9a\x16\xea65\x12\x9c\x83\x92E\x9f0\x7fx\xd2\x17\x07\xabTBP\xdc\xaf4\x86\xe2&lt;pk&gt;k\xb0q\x92\x1dq \nH5XN\xfbrT\xf4\xa5\x92\x7f0\x10\x07\x19\xebPH\xe4`\n\xec\xa7\xb1\x12\xd2#\xda\xe5\x18\x1c\xaf\xe9L\xf3\x03}\xd1\x8ac\x10I c\xda\x90\x82z\x1cWE\xf49\xf7D\xab(V\xcb\x1c\xfbR\xb4\xc1\x8eU*\x1eq\xc0\xc9\xa04\x80`GB}\x81"\xc7\x9a\xbbJ\x85\xc7\xa59]d\x97ia\xecj\x1cdd~F\x9d\x1a\xb0`\xee0GA@\xcbj\xd8&lt;\x9a\x19\xc8\xce\xd3Q\xac\xd1\xb1\xc6\xeax8`1@\x12o+\x8d\xcd\xfc&lt;\xd7\x01\xfbM\xfc \xf1\x8f\xc7\xaf\x81\x9a\xdf\xc3?\x86\xdf\x19u\xcf\x00\xf8\x86\xf4E6\x8d\xe2\x8d\x02\xfaKy\xad\xae"p\xea\xac\xe87ynF\xd6\xc6x#!\x86T\xf7\xbft\x80y\xc9\xefR&lt;hT\xe1\x05){\xca\xcd\xbf\x90\x9aMZ\xc7\xc1_\x04\xff\x00\xe0\xa9\x7f\x14\xff\x00f\x0f\x89m\xfb&amp;\x7f\xc1Z\xf4%\xd0u\x9brF\x8d\xf1\x82\xc6\xc9SJ\xd4`\xc3\x04{\xf5\x88l\x84\xb6\xdd\xdfi\x88,\\\xfe\xf1a\xda\xc4\xfb\xc7\xed\xcb\xff\x00\x05\x17\xf8\x11\xff\x00\x04\xfa\xb2\xf8e\xe2/\x8f\x16\x1a\x8c\xfe\x1b\xf8\x99\xe2\xe3\xa1\xc5\xe2\x8d\x1eH\xe5\xb4\xd2O\x95\xe6\xa5\xcc\xd8?\xbc\x85\x81\xe8\x998V?0\x18=\xd7\xed7\xfb+\xfc\x14\xfd\xaf&gt;\x1cK\xf0\xb7\xe3\xbf\x84\xc6\xa1i\xb1\xc6\x9b\xa9\xdb\x91\x1d\xe6\x99#)\x1ed\x12\x01\x91\x8c\x82W\xee\xb69\x07\x03\x1f\x88?\xf0U\xaf\xd9[\xf6\xd1\xfd\x8e\xfe\x00\xea_\xb1\x87\xc4\x9b\xa8\xfco\xf0_P\xd7!\xd5~\x18k\x97\xaa\xec\x9a\x0e\xa1\x138\xdbm&amp;KZ\xb3C$\xb1=\xa3\x93\x11\x12n\x8bn\rs\xd3\xaf&lt;;\xe5\xc4j\xbf\x9b\xcb\xb39j\xfbJq\xf7u?q?i\xbf\xd9\xb7\xe17\xed\x7f\xf0\x1b\xc4?\xb3\x87\xc5xE\xe7\x87&lt;W`\x0c7\xf6\xe5Z[I\xb0\x1e\xda\xfe\xd5\xf1\x85\x926\x02Dpz\x809V\xc0\xfc'... (set the log level to DEBUG or TRACE to see the full content) 
 </msg>
<msg timestamp="20200728 13:07:52.754" level="INFO">POST Response : url=http://ninjachef-api-qaninja-io.umbler.net/products 
 status=200, reason=OK 
 body={"_id":"5f204b2742f1f60016038e2b","user":"5f19bfe142f1f60016038a90","thumbnail":"thumbnail-1595951910631","name":"Nhoque molho páprica","plate":"Tipo","price":20,"__v":0,"thumbnail_url":"http://ninjachef-api-qaninja-io.umbler.net/files/thumbnail-1595951910631","id":"5f204b2742f1f60016038e2b"} 
 </msg>
<msg timestamp="20200728 13:07:52.755" level="INFO">${resp} = &lt;Response [200]&gt;</msg>
<status status="PASS" starttime="20200728 13:07:51.669" endtime="20200728 13:07:52.755"></status>
</kw>
<kw name="Status Should Be" library="RequestsLibrary">
<doc>Fails if response status code is different than the expected.</doc>
<arguments>
<arg>200</arg>
<arg>${resp}</arg>
</arguments>
<status status="PASS" starttime="20200728 13:07:52.756" endtime="20200728 13:07:52.757"></status>
</kw>
<kw name="Convert To String" library="BuiltIn">
<doc>Converts the given item to a Unicode string.</doc>
<arguments>
<arg>${resp.json()['_id']}</arg>
</arguments>
<assign>
<var>${produto_id}</var>
</assign>
<msg timestamp="20200728 13:07:52.759" level="INFO">${produto_id} = 5f204b2742f1f60016038e2b</msg>
<status status="PASS" starttime="20200728 13:07:52.757" endtime="20200728 13:07:52.759"></status>
</kw>
<kw name="Set Test Variable" library="BuiltIn">
<doc>Makes a variable available everywhere within the scope of the current test.</doc>
<arguments>
<arg>${produto_id}</arg>
</arguments>
<msg timestamp="20200728 13:07:52.761" level="INFO">${produto_id} = 5f204b2742f1f60016038e2b</msg>
<status status="PASS" starttime="20200728 13:07:52.760" endtime="20200728 13:07:52.761"></status>
</kw>
<kw name="Go To" library="SeleniumLibrary">
<doc>Navigates the current browser window to the provided ``url``.</doc>
<arguments>
<arg>${base_url}</arg>
</arguments>
<msg timestamp="20200728 13:07:52.762" level="INFO">Opening url 'http://ninjachef-qaninja-io.umbler.net/'</msg>
<status status="PASS" starttime="20200728 13:07:52.762" endtime="20200728 13:07:54.930"></status>
</kw>
<kw name="Input Text" library="SeleniumLibrary">
<doc>Types the given ``text`` into the text field identified by ``locator``.</doc>
<arguments>
<arg>${CAMPO_EMAIL}</arg>
<arg>${email_cozinheiro}</arg>
</arguments>
<msg timestamp="20200728 13:07:54.931" level="INFO">Typing text 'amanda_amy12@hotmail.com' into text field 'id:email'.</msg>
<status status="PASS" starttime="20200728 13:07:54.931" endtime="20200728 13:07:55.131"></status>
</kw>
<kw name="Click Element" library="SeleniumLibrary">
<doc>Click the element identified by ``locator``.</doc>
<arguments>
<arg>${BOTAO_ENTRAR}</arg>
</arguments>
<msg timestamp="20200728 13:07:55.131" level="INFO">Clicking element 'css:button[type=submit]'.</msg>
<status status="PASS" starttime="20200728 13:07:55.131" endtime="20200728 13:07:55.175"></status>
</kw>
<kw name="Wait Until Page Contains Element" library="SeleniumLibrary">
<doc>Waits until the element ``locator`` appears on the current page.</doc>
<arguments>
<arg>${DIV_DASH}</arg>
</arguments>
<status status="PASS" starttime="20200728 13:07:55.175" endtime="20200728 13:07:55.621"></status>
</kw>
<status status="PASS" starttime="20200728 13:07:51.630" endtime="20200728 13:07:55.621"></status>
</kw>
<kw name="Quando o cliente solicita o preparo desse prato" library="kws">
<kw name="Create Dictionary" library="BuiltIn">
<doc>Creates and returns a dictionary based on the given ``items``.</doc>
<arguments>
<arg>Content-Type=application/json</arg>
<arg>user_id=${token_cliente}</arg>
</arguments>
<assign>
<var>&amp;{headers}</var>
</assign>
<msg timestamp="20200728 13:07:55.623" level="INFO">&amp;{headers} = { Content-Type=application/json | user_id=5f19bfe142f1f60016038a90 }</msg>
<status status="PASS" starttime="20200728 13:07:55.623" endtime="20200728 13:07:55.623"></status>
</kw>
<kw name="Create Dictionary" library="BuiltIn">
<doc>Creates and returns a dictionary based on the given ``items``.</doc>
<arguments>
<arg>payment=Dinheiro</arg>
</arguments>
<assign>
<var>&amp;{payload}</var>
</assign>
<msg timestamp="20200728 13:07:55.623" level="INFO">&amp;{payload} = { payment=Dinheiro }</msg>
<status status="PASS" starttime="20200728 13:07:55.623" endtime="20200728 13:07:55.624"></status>
</kw>
<kw name="Create Session" library="RequestsLibrary">
<doc>Create Session: create a HTTP session to a server</doc>
<arguments>
<arg>api</arg>
<arg>${api_url}</arg>
</arguments>
<msg timestamp="20200728 13:07:55.624" level="INFO">Creating Session using : alias=api, url=http://ninjachef-api-qaninja-io.umbler.net, headers={},                     cookies={}, auth=None, timeout=None, proxies=None, verify=False,                     debug=0 </msg>
<status status="PASS" starttime="20200728 13:07:55.624" endtime="20200728 13:07:55.624"></status>
</kw>
<kw name="Post Request" library="RequestsLibrary">
<doc>Send a POST request on the session object found using the
given `alias`</doc>
<arguments>
<arg>api</arg>
<arg>/products/${produto_id}/orders</arg>
<arg>data=${payload}</arg>
<arg>headers=${headers}</arg>
</arguments>
<assign>
<var>${resp}</var>
</assign>
<msg timestamp="20200728 13:07:56.305" level="INFO">POST Request : url=http://ninjachef-api-qaninja-io.umbler.net/products/5f204b2742f1f60016038e2b/orders 
 path_url=/products/5f204b2742f1f60016038e2b/orders 
 headers={'User-Agent': 'python-requests/2.24.0', 'Accept-Encoding': 'gzip, deflate', 'Accept': '*/*', 'Connection': 'keep-alive', 'Content-Type': 'application/json', 'user_id': '5f19bfe142f1f60016038a90', 'Content-Length': '23'} 
 body={"payment": "Dinheiro"} 
 </msg>
<msg timestamp="20200728 13:07:56.305" level="INFO">POST Response : url=http://ninjachef-api-qaninja-io.umbler.net/products/5f204b2742f1f60016038e2b/orders 
 status=200, reason=OK 
 body={"_id":"5f204b2a42f1f60016038e2c","user":{"_id":"5f19bfe142f1f60016038a90","email":"amanda_amy12@hotmail.com","__v":0},"product":{"_id":"5f204b2742f1f60016038e2b","user":"5f19bfe142f1f60016038a90","thumbnail":"thumbnail-1595951910631","name":"Nhoque molho páprica","plate":"Tipo","price":20,"__v":0,"thumbnail_url":"http://ninjachef-api-qaninja-io.umbler.net/files/thumbnail-1595951910631","id":"5f204b2742f1f60016038e2b"},"payment":"Dinheiro","__v":0} 
 </msg>
<msg timestamp="20200728 13:07:56.305" level="INFO">${resp} = &lt;Response [200]&gt;</msg>
<status status="PASS" starttime="20200728 13:07:55.624" endtime="20200728 13:07:56.305"></status>
</kw>
<kw name="Status Should Be" library="RequestsLibrary">
<doc>Fails if response status code is different than the expected.</doc>
<arguments>
<arg>200</arg>
<arg>${resp}</arg>
</arguments>
<status status="PASS" starttime="20200728 13:07:56.305" endtime="20200728 13:07:56.306"></status>
</kw>
<status status="PASS" starttime="20200728 13:07:55.622" endtime="20200728 13:07:56.306"></status>
</kw>
<kw name="Então devo receber uma notificação de pedido desse produto" library="kws">
<kw name="Convert To String" library="BuiltIn">
<doc>Converts the given item to a Unicode string.</doc>
<arguments>
<arg>${email_cliente} está solicitando o preparo do seguinte prato: ${produto}.</arg>
</arguments>
<assign>
<var>${mensagem_esperada}</var>
</assign>
<msg timestamp="20200728 13:07:56.308" level="INFO">${mensagem_esperada} = ana@gmail.com está solicitando o preparo do seguinte prato: Nhoque molho páprica.</msg>
<status status="PASS" starttime="20200728 13:07:56.307" endtime="20200728 13:07:56.308"></status>
</kw>
<status status="PASS" starttime="20200728 13:07:56.307" endtime="20200728 13:07:56.308"></status>
</kw>
<kw name="E posso aceitar ou rejeitar esse pedido" library="kws">
<kw name="Wait Until Page Contains" library="SeleniumLibrary">
<doc>Waits until ``text`` appears on the current page.</doc>
<arguments>
<arg>ACEITAR</arg>
<arg>5</arg>
</arguments>
<status status="PASS" starttime="20200728 13:07:56.309" endtime="20200728 13:07:56.325"></status>
</kw>
<kw name="Wait Until Page Contains" library="SeleniumLibrary">
<doc>Waits until ``text`` appears on the current page.</doc>
<arguments>
<arg>REJEITAR</arg>
<arg>5</arg>
</arguments>
<status status="PASS" starttime="20200728 13:07:56.325" endtime="20200728 13:07:56.337"></status>
</kw>
<status status="PASS" starttime="20200728 13:07:56.309" endtime="20200728 13:07:56.337"></status>
</kw>
<kw name="Close Session" library="base" type="teardown">
<kw name="Capture Page Screenshot" library="SeleniumLibrary">
<doc>Takes a screenshot of the current page and embeds it into a log file.</doc>
<msg timestamp="20200728 13:07:56.661" level="INFO" html="yes">&lt;/td&gt;&lt;/tr&gt;&lt;tr&gt;&lt;td colspan="3"&gt;&lt;a href="selenium-screenshot-23.png"&gt;&lt;img src="selenium-screenshot-23.png" width="800px"&gt;&lt;/a&gt;</msg>
<status status="PASS" starttime="20200728 13:07:56.338" endtime="20200728 13:07:56.661"></status>
</kw>
<kw name="Close Browser" library="SeleniumLibrary">
<doc>Closes the current browser.</doc>
<status status="PASS" starttime="20200728 13:07:56.661" endtime="20200728 13:07:58.785"></status>
</kw>
<status status="PASS" starttime="20200728 13:07:56.338" endtime="20200728 13:07:58.786"></status>
</kw>
<status status="PASS" starttime="20200728 13:07:47.904" endtime="20200728 13:07:58.787" critical="yes"></status>
</test>
<doc>Receber pedidos
Sendo um cozinheiro que possui produtos no dashboard
Quero receber solicitação de preparo dos meus produtos
para que eu possa envia-los para aos meus clientes</doc>
<status status="PASS" starttime="20200728 13:07:47.617" endtime="20200728 13:07:58.793"></status>
</suite>
<statistics>
<total>
<stat pass="1" fail="0">Critical Tests</stat>
<stat pass="1" fail="0">All Tests</stat>
</total>
<tag>
</tag>
<suite>
<stat pass="1" fail="0" id="s1" name="Receber-Pedidos">Receber-Pedidos</stat>
</suite>
</statistics>
<errors>
</errors>
</robot>
